#
# There is insufficient memory for the Java Runtime Environment to continue.
# Native memory allocation (malloc) failed to allocate 1036336 bytes for Chunk::new
# Possible reasons:
#   The system is out of physical RAM or swap space
#   In 32 bit mode, the process size limit was hit
# Possible solutions:
#   Reduce memory load on the system
#   Increase physical memory or swap space
#   Check if swap backing store is full
#   Use 64 bit Java on a 64 bit OS
#   Decrease Java heap size (-Xmx/-Xms)
#   Decrease number of Java threads
#   Decrease Java thread stack sizes (-Xss)
#   Set larger code cache with -XX:ReservedCodeCacheSize=
# This output file may be truncated or incomplete.
#
#  Out of Memory Error (allocation.cpp:390), pid=9552, tid=0x0000000000001508
#
# JRE version: Java(TM) SE Runtime Environment (8.0_121-b13) (build 1.8.0_121-b13)
# Java VM: Java HotSpot(TM) 64-Bit Server VM (25.121-b13 mixed mode windows-amd64 compressed oops)
# Failed to write core dump. Minidumps are not enabled by default on client versions of Windows
#

---------------  T H R E A D  ---------------

Current thread (0x00000000158b1800):  JavaThread "C2 CompilerThread1" daemon [_thread_in_native, id=5384, stack(0x0000000017000000,0x0000000017100000)]

Stack: [0x0000000017000000,0x0000000017100000]
[error occurred during error reporting (printing stack bounds), id 0xc0000005]

Native frames: (J=compiled Java code, j=interpreted, Vv=VM code, C=native code)


Current CompileTask:
C2:  52485 5580  s!   4       org.eclipse.jetty.util.resource.JarFileResource::checkConnection (78 bytes)


---------------  P R O C E S S  ---------------

Java Threads: ( => current thread )
  0x000000001c16f800 JavaThread "qtp1163336956-22" [_thread_in_native, id=4444, stack(0x0000000022dd0000,0x0000000022ed0000)]
  0x000000001c16a000 JavaThread "qtp1163336956-21" [_thread_blocked, id=7236, stack(0x000000001fd50000,0x000000001fe50000)]
  0x000000001c169800 JavaThread "qtp1163336956-20" [_thread_in_native, id=4468, stack(0x000000001ea80000,0x000000001eb80000)]
  0x000000001c16e000 JavaThread "qtp1163336956-19" [_thread_in_native, id=3488, stack(0x000000001e980000,0x000000001ea80000)]
  0x000000001c168800 JavaThread "qtp1163336956-18" [_thread_blocked, id=7484, stack(0x000000001e880000,0x000000001e980000)]
  0x000000001c16d000 JavaThread "qtp1163336956-17" [_thread_blocked, id=9724, stack(0x000000001e780000,0x000000001e880000)]
  0x000000001c16e800 JavaThread "qtp1163336956-15" [_thread_in_Java, id=4108, stack(0x000000001e580000,0x000000001e680000)]
  0x000000001c16b800 JavaThread "qtp1163336956-13" [_thread_blocked, id=9816, stack(0x000000001e380000,0x000000001e480000)]
  0x0000000017220800 JavaThread "Service Thread" daemon [_thread_blocked, id=11540, stack(0x0000000017600000,0x0000000017700000)]
  0x00000000158ba000 JavaThread "C1 CompilerThread2" daemon [_thread_blocked, id=10940, stack(0x0000000017100000,0x0000000017200000)]
=>0x00000000158b1800 JavaThread "C2 CompilerThread1" daemon [_thread_in_native, id=5384, stack(0x0000000017000000,0x0000000017100000)]
  0x00000000158af800 JavaThread "C2 CompilerThread0" daemon [_thread_in_native, id=8012, stack(0x0000000016f00000,0x0000000017000000)]
  0x00000000158ad800 JavaThread "Attach Listener" daemon [_thread_blocked, id=11876, stack(0x0000000016e00000,0x0000000016f00000)]
  0x00000000158ac000 JavaThread "Signal Dispatcher" daemon [_thread_blocked, id=10496, stack(0x0000000016d00000,0x0000000016e00000)]
  0x000000001589a800 JavaThread "Finalizer" daemon [_thread_blocked, id=5484, stack(0x0000000016b00000,0x0000000016c00000)]
  0x0000000015879000 JavaThread "Reference Handler" daemon [_thread_blocked, id=1920, stack(0x0000000016a00000,0x0000000016b00000)]
  0x0000000003161000 JavaThread "main" [_thread_blocked, id=6252, stack(0x0000000003030000,0x0000000003130000)]

Other Threads:
  0x0000000015877800 VMThread [stack: 0x0000000016900000,0x0000000016a00000] [id=8548]
  0x000000001724c000 WatcherThread [stack: 0x0000000017700000,0x0000000017800000] [id=7988]

VM state:not at safepoint (normal execution)

VM Mutex/Monitor currently owned by a thread: None

Heap:
 PSYoungGen      total 175616K, used 102151K [0x00000000eb000000, 0x00000000f8500000, 0x0000000100000000)
  eden space 160768K, 54% used [0x00000000eb000000,0x00000000f05437f8,0x00000000f4d00000)
  from space 14848K, 99% used [0x00000000f6380000,0x00000000f71fe558,0x00000000f7200000)
  to   space 23040K, 0% used [0x00000000f4d00000,0x00000000f4d00000,0x00000000f6380000)
 ParOldGen       total 47104K, used 35050K [0x00000000c1000000, 0x00000000c3e00000, 0x00000000eb000000)
  object space 47104K, 74% used [0x00000000c1000000,0x00000000c323a9e8,0x00000000c3e00000)
 Metaspace       used 29615K, capacity 30404K, committed 30720K, reserved 1077248K
  class space    used 3475K, capacity 3716K, committed 3840K, reserved 1048576K

Card table byte_map: [0x0000000012620000,0x0000000012820000] byte_map_base: 0x0000000012018000

Marking Bits: (ParMarkBitMap*) 0x0000000074cfb6d0
 Begin Bits: [0x0000000012d70000, 0x0000000013d30000)
 End Bits:   [0x0000000013d30000, 0x0000000014cf0000)

Polling page: 0x00000000013f0000

CodeCache: size=245760Kb used=16739Kb max_used=17212Kb free=229020Kb
 bounds [0x0000000003260000, 0x0000000004380000, 0x0000000012260000]
 total_blobs=5111 nmethods=4712 adapters=311
 compilation: enabled

Compilation events (10 events):
Event: 52.357 Thread 0x00000000158af800 nmethod 5583 0x0000000003b70850 code [0x0000000003b70bc0, 0x0000000003b73878]
Event: 52.359 Thread 0x00000000158af800 5595       4       org.objectweb.asm.ClassReader::b (1124 bytes)
Event: 52.398 Thread 0x00000000158ba000 5598       1       java.nio.DirectLongBufferU::ix (10 bytes)
Event: 52.398 Thread 0x00000000158ba000 nmethod 5598 0x0000000003df3650 code [0x0000000003df37a0, 0x0000000003df38b0]
Event: 52.413 Thread 0x00000000158ba000 5599       3       org.objectweb.asm.MethodVisitor::visitAnnotationDefault (17 bytes)
Event: 52.414 Thread 0x00000000158ba000 nmethod 5599 0x000000000341bb10 code [0x000000000341bc80, 0x000000000341bee8]
Event: 52.429 Thread 0x00000000158ba000 5600       3       sun.nio.cs.StreamEncoder::implWrite (156 bytes)
Event: 52.442 Thread 0x00000000158ba000 nmethod 5600 0x0000000003411490 code [0x0000000003411700, 0x0000000003412588]
Event: 52.443 Thread 0x00000000158ba000 5601       3       java.io.OutputStreamWriter::write (11 bytes)
Event: 52.443 Thread 0x00000000158ba000 nmethod 5601 0x00000000034384d0 code [0x0000000003438640, 0x00000000034387e8]

GC Heap History (10 events):
Event: 15.860 GC heap before
{Heap before GC invocations=7 (full 0):
 PSYoungGen      total 73216K, used 70832K [0x00000000eb000000, 0x00000000eff00000, 0x0000000100000000)
  eden space 65536K, 100% used [0x00000000eb000000,0x00000000ef000000,0x00000000ef000000)
  from space 7680K, 68% used [0x00000000ef780000,0x00000000efcac010,0x00000000eff00000)
  to   space 7680K, 0% used [0x00000000ef000000,0x00000000ef000000,0x00000000ef780000)
 ParOldGen       total 44032K, used 10727K [0x00000000c1000000, 0x00000000c3b00000, 0x00000000eb000000)
  object space 44032K, 24% used [0x00000000c1000000,0x00000000c1a79fa8,0x00000000c3b00000)
 Metaspace       used 20464K, capacity 20954K, committed 21120K, reserved 1067008K
  class space    used 2493K, capacity 2617K, committed 2688K, reserved 1048576K
Event: 15.900 GC heap after
Heap after GC invocations=7 (full 0):
 PSYoungGen      total 73216K, used 7659K [0x00000000eb000000, 0x00000000f4300000, 0x0000000100000000)
  eden space 65536K, 0% used [0x00000000eb000000,0x00000000eb000000,0x00000000ef000000)
  from space 7680K, 99% used [0x00000000ef000000,0x00000000ef77ac20,0x00000000ef780000)
  to   space 9728K, 0% used [0x00000000f3980000,0x00000000f3980000,0x00000000f4300000)
 ParOldGen       total 44032K, used 12373K [0x00000000c1000000, 0x00000000c3b00000, 0x00000000eb000000)
  object space 44032K, 28% used [0x00000000c1000000,0x00000000c1c15750,0x00000000c3b00000)
 Metaspace       used 20464K, capacity 20954K, committed 21120K, reserved 1067008K
  class space    used 2493K, capacity 2617K, committed 2688K, reserved 1048576K
}
Event: 17.772 GC heap before
{Heap before GC invocations=8 (full 0):
 PSYoungGen      total 73216K, used 22878K [0x00000000eb000000, 0x00000000f4300000, 0x0000000100000000)
  eden space 65536K, 23% used [0x00000000eb000000,0x00000000ebedcd98,0x00000000ef000000)
  from space 7680K, 99% used [0x00000000ef000000,0x00000000ef77ac20,0x00000000ef780000)
  to   space 9728K, 0% used [0x00000000f3980000,0x00000000f3980000,0x00000000f4300000)
 ParOldGen       total 44032K, used 12373K [0x00000000c1000000, 0x00000000c3b00000, 0x00000000eb000000)
  object space 44032K, 28% used [0x00000000c1000000,0x00000000c1c15750,0x00000000c3b00000)
 Metaspace       used 20649K, capacity 21082K, committed 21296K, reserved 1069056K
  class space    used 2506K, capacity 2617K, committed 2688K, reserved 1048576K
Event: 17.800 GC heap after
Heap after GC invocations=8 (full 0):
 PSYoungGen      total 137728K, used 9703K [0x00000000eb000000, 0x00000000f4900000, 0x0000000100000000)
  eden space 128000K, 0% used [0x00000000eb000000,0x00000000eb000000,0x00000000f2d00000)
  from space 9728K, 99% used [0x00000000f3980000,0x00000000f42f9e48,0x00000000f4300000)
  to   space 12800K, 0% used [0x00000000f2d00000,0x00000000f2d00000,0x00000000f3980000)
 ParOldGen       total 44032K, used 16837K [0x00000000c1000000, 0x00000000c3b00000, 0x00000000eb000000)
  object space 44032K, 38% used [0x00000000c1000000,0x00000000c2071730,0x00000000c3b00000)
 Metaspace       used 20649K, capacity 21082K, committed 21296K, reserved 1069056K
  class space    used 2506K, capacity 2617K, committed 2688K, reserved 1048576K
}
Event: 17.800 GC heap before
{Heap before GC invocations=9 (full 1):
 PSYoungGen      total 137728K, used 9703K [0x00000000eb000000, 0x00000000f4900000, 0x0000000100000000)
  eden space 128000K, 0% used [0x00000000eb000000,0x00000000eb000000,0x00000000f2d00000)
  from space 9728K, 99% used [0x00000000f3980000,0x00000000f42f9e48,0x00000000f4300000)
  to   space 12800K, 0% used [0x00000000f2d00000,0x00000000f2d00000,0x00000000f3980000)
 ParOldGen       total 44032K, used 16837K [0x00000000c1000000, 0x00000000c3b00000, 0x00000000eb000000)
  object space 44032K, 38% used [0x00000000c1000000,0x00000000c2071730,0x00000000c3b00000)
 Metaspace       used 20649K, capacity 21082K, committed 21296K, reserved 1069056K
  class space    used 2506K, capacity 2617K, committed 2688K, reserved 1048576K
Event: 17.946 GC heap after
Heap after GC invocations=9 (full 1):
 PSYoungGen      total 137728K, used 0K [0x00000000eb000000, 0x00000000f4900000, 0x0000000100000000)
  eden space 128000K, 0% used [0x00000000eb000000,0x00000000eb000000,0x00000000f2d00000)
  from space 9728K, 0% used [0x00000000f3980000,0x00000000f3980000,0x00000000f4300000)
  to   space 12800K, 0% used [0x00000000f2d00000,0x00000000f2d00000,0x00000000f3980000)
 ParOldGen       total 47104K, used 18457K [0x00000000c1000000, 0x00000000c3e00000, 0x00000000eb000000)
  object space 47104K, 39% used [0x00000000c1000000,0x00000000c22067c0,0x00000000c3e00000)
 Metaspace       used 20649K, capacity 21082K, committed 21296K, reserved 1069056K
  class space    used 2506K, capacity 2617K, committed 2688K, reserved 1048576K
}
Event: 45.765 GC heap before
{Heap before GC invocations=10 (full 1):
 PSYoungGen      total 137728K, used 128000K [0x00000000eb000000, 0x00000000f4900000, 0x0000000100000000)
  eden space 128000K, 100% used [0x00000000eb000000,0x00000000f2d00000,0x00000000f2d00000)
  from space 9728K, 0% used [0x00000000f3980000,0x00000000f3980000,0x00000000f4300000)
  to   space 12800K, 0% used [0x00000000f2d00000,0x00000000f2d00000,0x00000000f3980000)
 ParOldGen       total 47104K, used 18457K [0x00000000c1000000, 0x00000000c3e00000, 0x00000000eb000000)
  object space 47104K, 39% used [0x00000000c1000000,0x00000000c22067c0,0x00000000c3e00000)
 Metaspace       used 27630K, capacity 28382K, committed 28672K, reserved 1075200K
  class space    used 3271K, capacity 3490K, committed 3584K, reserved 1048576K
Event: 45.791 GC heap after
Heap after GC invocations=10 (full 1):
 PSYoungGen      total 140800K, used 12395K [0x00000000eb000000, 0x00000000f7200000, 0x0000000100000000)
  eden space 128000K, 0% used [0x00000000eb000000,0x00000000eb000000,0x00000000f2d00000)
  from space 12800K, 96% used [0x00000000f2d00000,0x00000000f391ae28,0x00000000f3980000)
  to   space 14848K, 0% used [0x00000000f6380000,0x00000000f6380000,0x00000000f7200000)
 ParOldGen       total 47104K, used 18465K [0x00000000c1000000, 0x00000000c3e00000, 0x00000000eb000000)
  object space 47104K, 39% used [0x00000000c1000000,0x00000000c22087c0,0x00000000c3e00000)
 Metaspace       used 27630K, capacity 28382K, committed 28672K, reserved 1075200K
  class space    used 3271K, capacity 3490K, committed 3584K, reserved 1048576K
}
Event: 51.040 GC heap before
{Heap before GC invocations=11 (full 1):
 PSYoungGen      total 140800K, used 140395K [0x00000000eb000000, 0x00000000f7200000, 0x0000000100000000)
  eden space 128000K, 100% used [0x00000000eb000000,0x00000000f2d00000,0x00000000f2d00000)
  from space 12800K, 96% used [0x00000000f2d00000,0x00000000f391ae28,0x00000000f3980000)
  to   space 14848K, 0% used [0x00000000f6380000,0x00000000f6380000,0x00000000f7200000)
 ParOldGen       total 47104K, used 18465K [0x00000000c1000000, 0x00000000c3e00000, 0x00000000eb000000)
  object space 47104K, 39% used [0x00000000c1000000,0x00000000c22087c0,0x00000000c3e00000)
 Metaspace       used 29594K, capacity 30340K, committed 30720K, reserved 1077248K
  class space    used 3473K, capacity 3716K, committed 3840K, reserved 1048576K
Event: 51.126 GC heap after
Heap after GC invocations=11 (full 1):
 PSYoungGen      total 175616K, used 14841K [0x00000000eb000000, 0x00000000f8500000, 0x0000000100000000)
  eden space 160768K, 0% used [0x00000000eb000000,0x00000000eb000000,0x00000000f4d00000)
  from space 14848K, 99% used [0x00000000f6380000,0x00000000f71fe558,0x00000000f7200000)
  to   space 23040K, 0% used [0x00000000f4d00000,0x00000000f4d00000,0x00000000f6380000)
 ParOldGen       total 47104K, used 35050K [0x00000000c1000000, 0x00000000c3e00000, 0x00000000eb000000)
  object space 47104K, 74% used [0x00000000c1000000,0x00000000c323a9e8,0x00000000c3e00000)
 Metaspace       used 29594K, capacity 30340K, committed 30720K, reserved 1077248K
  class space    used 3473K, capacity 3716K, committed 3840K, reserved 1048576K
}

Deoptimization events (10 events):
Event: 49.832 Thread 0x000000001c16c800 Uncommon trap: reason=null_check action=make_not_entrant pc=0x0000000003392aac method=java.lang.StringCoding.deref(Ljava/lang/ThreadLocal;)Ljava/lang/Object; @ 4
Event: 49.833 Thread 0x000000001c16c800 Uncommon trap: reason=class_check action=maybe_recompile pc=0x000000000406ec08 method=java.util.zip.InflaterInputStream.read([BII)I @ 100
Event: 49.867 Thread 0x000000001c16f800 Uncommon trap: reason=unstable_if action=reinterpret pc=0x0000000004328efc method=org.codehaus.plexus.classworlds.realm.ClassRealm.loadClassFromSelf(Ljava/lang/String;)Ljava/lang/Class; @ 15
Event: 49.944 Thread 0x000000001c16e800 Uncommon trap: reason=unstable_if action=reinterpret pc=0x000000000375a00c method=java.util.concurrent.ConcurrentHashMap.putVal(Ljava/lang/Object;Ljava/lang/Object;Z)Ljava/lang/Object; @ 113
Event: 49.953 Thread 0x000000001c16c800 Uncommon trap: reason=unstable_if action=reinterpret pc=0x0000000003a7c0f8 method=java.util.concurrent.ConcurrentHashMap.get(Ljava/lang/Object;)Ljava/lang/Object; @ 86
Event: 50.036 Thread 0x000000001c16c800 Uncommon trap: reason=unstable_if action=reinterpret pc=0x00000000037bada0 method=java.util.concurrent.ConcurrentHashMap.addCount(JI)V @ 34
Event: 50.192 Thread 0x000000001c168800 Uncommon trap: reason=unstable_if action=reinterpret pc=0x000000000362ba30 method=org.objectweb.asm.ClassReader.a(II[C)Ljava/lang/String; @ 77
Event: 51.188 Thread 0x000000001589a800 Uncommon trap: reason=unstable_if action=reinterpret pc=0x00000000042814b4 method=java.util.zip.Inflater.ended()Z @ 16
Event: 51.828 Thread 0x000000001c16b800 Uncommon trap: reason=unstable_if action=reinterpret pc=0x000000000434d630 method=org.objectweb.asm.ClassReader.accept(Lorg/objectweb/asm/ClassVisitor;[Lorg/objectweb/asm/Attribute;I)V @ 778
Event: 51.828 Thread 0x000000001c16b800 Uncommon trap: reason=unstable_if action=reinterpret pc=0x00000000039e9f9c method=org.objectweb.asm.ClassReader.b(Lorg/objectweb/asm/ClassVisitor;Lorg/objectweb/asm/Context;I)I @ 833

Internal exceptions (10 events):
Event: 49.602 Thread 0x0000000003161000 Exception <a 'java/lang/ClassNotFoundException': sun/net/www/protocol/c/Handler> (0x00000000ee4fe050) thrown at [C:\re\workspace\8-2-build-windows-amd64-cygwin\jdk8u121\8372\hotspot\src\share\vm\classfile\systemDictionary.cpp, line 210]
Event: 49.602 Thread 0x0000000003161000 Exception <a 'java/lang/ClassNotFoundException': sun/net/www/protocol/c/Handler> (0x00000000ee500120) thrown at [C:\re\workspace\8-2-build-windows-amd64-cygwin\jdk8u121\8372\hotspot\src\share\vm\classfile\systemDictionary.cpp, line 210]
Event: 49.603 Thread 0x0000000003161000 Exception <a 'java/lang/ClassNotFoundException': sun/net/www/protocol/c/Handler> (0x00000000ee502388) thrown at [C:\re\workspace\8-2-build-windows-amd64-cygwin\jdk8u121\8372\hotspot\src\share\vm\classfile\systemDictionary.cpp, line 210]
Event: 49.603 Thread 0x0000000003161000 Exception <a 'java/lang/ClassNotFoundException': sun/net/www/protocol/c/Handler> (0x00000000ee504268) thrown at [C:\re\workspace\8-2-build-windows-amd64-cygwin\jdk8u121\8372\hotspot\src\share\vm\classfile\systemDictionary.cpp, line 210]
Event: 49.603 Thread 0x0000000003161000 Exception <a 'java/lang/ClassNotFoundException': sun/net/www/protocol/c/Handler> (0x00000000ee5062b0) thrown at [C:\re\workspace\8-2-build-windows-amd64-cygwin\jdk8u121\8372\hotspot\src\share\vm\classfile\systemDictionary.cpp, line 210]
Event: 49.604 Thread 0x0000000003161000 Exception <a 'java/lang/ClassNotFoundException': sun/net/www/protocol/c/Handler> (0x00000000ee508280) thrown at [C:\re\workspace\8-2-build-windows-amd64-cygwin\jdk8u121\8372\hotspot\src\share\vm\classfile\systemDictionary.cpp, line 210]
Event: 49.831 Thread 0x000000001c16e800 Implicit null exception at 0x0000000003d38c8c to 0x0000000003d39455
Event: 49.832 Thread 0x000000001c16c800 Implicit null exception at 0x00000000033923c0 to 0x0000000003392a91
Event: 52.428 Thread 0x000000001c16f800 Exception <a 'java/lang/OutOfMemoryError'> (0x00000000ef505b48) thrown at [C:\re\workspace\8-2-build-windows-amd64-cygwin\jdk8u121\8372\hotspot\src\share\vm\prims\jni.cpp, line 735]
Event: 52.428 Thread 0x000000001c16c800 Exception <a 'java/lang/OutOfMemoryError'> (0x00000000f00a4570) thrown at [C:\re\workspace\8-2-build-windows-amd64-cygwin\jdk8u121\8372\hotspot\src\share\vm\prims\jni.cpp, line 735]

Events (10 events):
Event: 52.430 Thread 0x000000001c16a000 Thread added: 0x000000001c16a000
Event: 52.431 Executing VM operation: RevokeBias
Event: 52.437 Executing VM operation: RevokeBias done
Event: 52.437 Thread 0x000000001c16f800 Thread exited: 0x000000001c16f800
Event: 52.439 Thread 0x000000001c16f800 Thread added: 0x000000001c16f800
Event: 52.439 Executing VM operation: RevokeBias
Event: 52.442 Executing VM operation: RevokeBias done
Event: 52.442 Thread 0x000000001c16c800 Thread exited: 0x000000001c16c800
Event: 52.443 Thread 0x00000000158ba000 flushing nmethod 0x00000000036ff550
Event: 52.444 Thread 0x00000000158ba000 flushing nmethod 0x000000000379a290


Dynamic libraries:
0x00007ff6039d0000 - 0x00007ff603a07000 	C:\Program Files\Java\jdk1.8.0_121\bin\java.exe
0x00007ff995620000 - 0x00007ff9957f1000 	C:\WINDOWS\SYSTEM32\ntdll.dll
0x00007ff994a60000 - 0x00007ff994b0b000 	C:\WINDOWS\System32\KERNEL32.DLL
0x00007ff991b90000 - 0x00007ff991dad000 	C:\WINDOWS\System32\KERNELBASE.dll
0x00007ff994df0000 - 0x00007ff994e92000 	C:\WINDOWS\System32\ADVAPI32.dll
0x00007ff994ea0000 - 0x00007ff994f3e000 	C:\WINDOWS\System32\msvcrt.dll
0x00007ff995490000 - 0x00007ff9954e9000 	C:\WINDOWS\System32\sechost.dll
0x00007ff9954f0000 - 0x00007ff995611000 	C:\WINDOWS\System32\RPCRT4.dll
0x00007ff995040000 - 0x00007ff9951a5000 	C:\WINDOWS\System32\USER32.dll
0x00007ff991b10000 - 0x00007ff991b2e000 	C:\WINDOWS\System32\win32u.dll
0x00007ff994420000 - 0x00007ff994454000 	C:\WINDOWS\System32\GDI32.dll
0x00007ff992080000 - 0x00007ff992202000 	C:\WINDOWS\System32\gdi32full.dll
0x00007ff989ac0000 - 0x00007ff989d3a000 	C:\WINDOWS\WinSxS\amd64_microsoft.windows.common-controls_6595b64144ccf1df_6.0.14393.953_none_42151e83c686086b\COMCTL32.dll
0x00007ff994b20000 - 0x00007ff994de8000 	C:\WINDOWS\System32\combase.dll
0x00007ff9928f0000 - 0x00007ff9929e5000 	C:\WINDOWS\System32\ucrtbase.dll
0x00007ff992b40000 - 0x00007ff992baa000 	C:\WINDOWS\System32\bcryptPrimitives.dll
0x00007ff992bb0000 - 0x00007ff992bde000 	C:\WINDOWS\System32\IMM32.DLL
0x0000000074d80000 - 0x0000000074e52000 	C:\Program Files\Java\jdk1.8.0_121\jre\bin\msvcr100.dll
0x00000000744e0000 - 0x0000000074d7b000 	C:\Program Files\Java\jdk1.8.0_121\jre\bin\server\jvm.dll
0x00007ff994290000 - 0x00007ff994298000 	C:\WINDOWS\System32\PSAPI.DLL
0x00007ff97ef30000 - 0x00007ff97ef39000 	C:\WINDOWS\SYSTEM32\WSOCK32.dll
0x00007ff98f7c0000 - 0x00007ff98f7e3000 	C:\WINDOWS\SYSTEM32\WINMM.dll
0x00007ff988910000 - 0x00007ff98891a000 	C:\WINDOWS\SYSTEM32\VERSION.dll
0x00007ff9942a0000 - 0x00007ff99430a000 	C:\WINDOWS\System32\WS2_32.dll
0x00007ff98f790000 - 0x00007ff98f7bb000 	C:\WINDOWS\SYSTEM32\WINMMBASE.dll
0x00007ff991f80000 - 0x00007ff991fc2000 	C:\WINDOWS\System32\cfgmgr32.dll
0x0000000074fd0000 - 0x0000000074fdf000 	C:\Program Files\Java\jdk1.8.0_121\jre\bin\verify.dll
0x00000000744b0000 - 0x00000000744d9000 	C:\Program Files\Java\jdk1.8.0_121\jre\bin\java.dll
0x0000000074fb0000 - 0x0000000074fc6000 	C:\Program Files\Java\jdk1.8.0_121\jre\bin\zip.dll
0x00007ff992be0000 - 0x00007ff9940e9000 	C:\WINDOWS\System32\SHELL32.dll
0x00007ff992210000 - 0x00007ff9928ea000 	C:\WINDOWS\System32\windows.storage.dll
0x00007ff991ab0000 - 0x00007ff991afc000 	C:\WINDOWS\System32\powrprof.dll
0x00007ff995430000 - 0x00007ff995482000 	C:\WINDOWS\System32\shlwapi.dll
0x00007ff991a80000 - 0x00007ff991a8f000 	C:\WINDOWS\System32\kernel.appcore.dll
0x00007ff9929f0000 - 0x00007ff992a99000 	C:\WINDOWS\System32\shcore.dll
0x00007ff991a90000 - 0x00007ff991aa4000 	C:\WINDOWS\System32\profapi.dll
0x0000000074490000 - 0x00000000744aa000 	C:\Program Files\Java\jdk1.8.0_121\jre\bin\net.dll
0x00007ff9913b0000 - 0x00007ff99140c000 	C:\WINDOWS\system32\mswsock.dll
0x0000000074470000 - 0x0000000074481000 	C:\Program Files\Java\jdk1.8.0_121\jre\bin\nio.dll
0x0000000074460000 - 0x000000007446d000 	C:\Program Files\Java\jdk1.8.0_121\jre\bin\management.dll

VM Arguments:
jvm_args: -Dclassworlds.conf=C:\Program Files\apache-maven-3.3.9/bin/m2.conf -Dmaven.home=C:\Program Files\apache-maven-3.3.9 -Dmaven.multiModuleProjectDirectory=C:\Users\Tom\Documents\NetBeansProjects\ARS\ARS\AirlineReservationSystem 
java_command: org.codehaus.plexus.classworlds.launcher.Launcher clean install jetty:run
java_class_path (initial): C:\Program Files\apache-maven-3.3.9/boot/plexus-classworlds-2.5.2.jar
Launcher Type: SUN_STANDARD

Environment Variables:
JAVA_HOME=C:\Program Files\Java\jdk1.8.0_121
PATH=C:\cygwin\usr\local\bin;C:\cygwin\bin;C:\ProgramData\Oracle\Java\javapath;C:\WINDOWS\system32;C:\WINDOWS;C:\WINDOWS\System32\Wbem;C:\WINDOWS\System32\WindowsPowerShell\v1.0;C:\Program Files\Hewlett-Packard\SimplePass;C:\Program Files (x86)\Windows Live\Shared;C:\Program Files (x86)\Skype\Phone;C:\Program Files\Git\cmd;C:\php;C:\Apache24;C:\Apache24\bin;
USERNAME=Tom
SHELL=/bin/bash
OS=Windows_NT
PROCESSOR_IDENTIFIER=Intel64 Family 6 Model 69 Stepping 1, GenuineIntel



---------------  S Y S T E M  ---------------

OS: Windows 10.0 , 64 bit Build 14393 (10.0.14393.0)

CPU:total 4 (2 cores per cpu, 2 threads per core) family 6 model 69 stepping 1, cmov, cx8, fxsr, mmx, sse, sse2, sse3, ssse3, sse4.1, sse4.2, popcnt, avx, avx2, aes, clmul, erms, lzcnt, ht, tsc, tscinvbit, bmi1, bmi2

Memory: 4k page, physical 4124504k(562052k free), swap 5557080k(4352k free)

vm_info: Java HotSpot(TM) 64-Bit Server VM (25.121-b13) for windows-amd64 JRE (1.8.0_121-b13), built on Dec 12 2016 18:21:36 by "java_re" with MS VC++ 10.0 (VS2010)

time: Mon Apr 10 18:57:31 2017
elapsed time: 52 seconds (0d 0h 0m 52s)

