#
# There is insufficient memory for the Java Runtime Environment to continue.
# Native memory allocation (malloc) failed to allocate 65552 bytes for Chunk::new
# Possible reasons:
#   The system is out of physical RAM or swap space
#   In 32 bit mode, the process size limit was hit
# Possible solutions:
#   Reduce memory load on the system
#   Increase physical memory or swap space
#   Check if swap backing store is full
#   Use 64 bit Java on a 64 bit OS
#   Decrease Java heap size (-Xmx/-Xms)
#   Decrease number of Java threads
#   Decrease Java thread stack sizes (-Xss)
#   Set larger code cache with -XX:ReservedCodeCacheSize=
# This output file may be truncated or incomplete.
#
#  Out of Memory Error (allocation.cpp:390), pid=9932, tid=0x0000000000001c70
#
# JRE version: Java(TM) SE Runtime Environment (8.0_121-b13) (build 1.8.0_121-b13)
# Java VM: Java HotSpot(TM) 64-Bit Server VM (25.121-b13 mixed mode windows-amd64 compressed oops)
# Failed to write core dump. Minidumps are not enabled by default on client versions of Windows
#

---------------  T H R E A D  ---------------

Current thread (0x0000000014e4b000):  JavaThread "C2 CompilerThread0" daemon [_thread_in_native, id=7280, stack(0x00000000164a0000,0x00000000165a0000)]

Stack: [0x00000000164a0000,0x00000000165a0000]
[error occurred during error reporting (printing stack bounds), id 0xc0000005]

Native frames: (J=compiled Java code, j=interpreted, Vv=VM code, C=native code)


Current CompileTask:
C2: 115325 8253       4       org.eclipse.jdt.internal.compiler.lookup.LookupEnvironment::getTypeFromSignature (242 bytes)


---------------  P R O C E S S  ---------------

Java Threads: ( => current thread )
  0x000000002375e800 JavaThread "Scanner-0" daemon [_thread_blocked, id=12128, stack(0x00000000255e0000,0x00000000256e0000)]
  0x000000002375d000 JavaThread "Abandoned connection cleanup thread" daemon [_thread_blocked, id=10404, stack(0x0000000023500000,0x0000000023600000)]
  0x0000000017169800 JavaThread "org.eclipse.jetty.server.session.HashSessionManager@173a5fadTimer" daemon [_thread_blocked, id=7540, stack(0x0000000023200000,0x0000000023300000)]
  0x000000001716b000 JavaThread "qtp884911566-20" [_thread_blocked, id=12412, stack(0x000000001d020000,0x000000001d120000)]
  0x000000001716a800 JavaThread "qtp884911566-19" [_thread_blocked, id=4572, stack(0x000000001cf20000,0x000000001d020000)]
  0x000000001716f800 JavaThread "qtp884911566-18-acceptor-0@114d81e0-ServerConnector@29c76d75{HTTP/1.1}{0.0.0.0:8080}" [_thread_in_native, id=6148, stack(0x000000001ce20000,0x000000001cf20000)]
  0x000000001716f000 JavaThread "qtp884911566-17" [_thread_blocked, id=6228, stack(0x000000001cd20000,0x000000001ce20000)]
  0x000000001716c000 JavaThread "qtp884911566-16-selector-ServerConnectorManager@117359f5/1" [_thread_in_native, id=1784, stack(0x000000001cc20000,0x000000001cd20000)]
  0x000000001716e000 JavaThread "qtp884911566-15" [_thread_blocked, id=6932, stack(0x000000001cb20000,0x000000001cc20000)]
  0x000000001716d800 JavaThread "qtp884911566-14" [_thread_blocked, id=4184, stack(0x000000001ca20000,0x000000001cb20000)]
  0x000000001716c800 JavaThread "qtp884911566-13-selector-ServerConnectorManager@117359f5/0" [_thread_in_native, id=8408, stack(0x000000001b740000,0x000000001b840000)]
  0x00000000167c0800 JavaThread "Service Thread" daemon [_thread_blocked, id=7532, stack(0x0000000016ba0000,0x0000000016ca0000)]
  0x0000000014e51000 JavaThread "C1 CompilerThread2" daemon [_thread_blocked, id=9444, stack(0x00000000166a0000,0x00000000167a0000)]
  0x0000000014e4c800 JavaThread "C2 CompilerThread1" daemon [_thread_blocked, id=11160, stack(0x00000000165a0000,0x00000000166a0000)]
=>0x0000000014e4b000 JavaThread "C2 CompilerThread0" daemon [_thread_in_native, id=7280, stack(0x00000000164a0000,0x00000000165a0000)]
  0x0000000014e59800 JavaThread "Attach Listener" daemon [_thread_blocked, id=904, stack(0x00000000163a0000,0x00000000164a0000)]
  0x0000000014e58800 JavaThread "Signal Dispatcher" daemon [_thread_blocked, id=13376, stack(0x00000000162a0000,0x00000000163a0000)]
  0x0000000014e38800 JavaThread "Finalizer" daemon [_thread_blocked, id=8576, stack(0x00000000160b0000,0x00000000161b0000)]
  0x00000000026a3800 JavaThread "Reference Handler" daemon [_thread_blocked, id=12008, stack(0x0000000015fb0000,0x00000000160b0000)]
  0x00000000025b1000 JavaThread "main" [_thread_blocked, id=5932, stack(0x0000000000d40000,0x0000000000e40000)]

Other Threads:
  0x0000000014e17000 VMThread [stack: 0x0000000015eb0000,0x0000000015fb0000] [id=5124]
  0x00000000167f4000 WatcherThread [stack: 0x0000000016ca0000,0x0000000016da0000] [id=13608]

VM state:not at safepoint (normal execution)

VM Mutex/Monitor currently owned by a thread: None

Heap:
 PSYoungGen      total 241664K, used 124720K [0x00000000eb000000, 0x00000000ffa80000, 0x0000000100000000)
  eden space 201728K, 61% used [0x00000000eb000000,0x00000000f29cc2e8,0x00000000f7500000)
  from space 39936K, 0% used [0x00000000f7500000,0x00000000f7500000,0x00000000f9c00000)
  to   space 37888K, 0% used [0x00000000fd580000,0x00000000fd580000,0x00000000ffa80000)
 ParOldGen       total 99328K, used 38242K [0x00000000c1000000, 0x00000000c7100000, 0x00000000eb000000)
  object space 99328K, 38% used [0x00000000c1000000,0x00000000c35589f8,0x00000000c7100000)
 Metaspace       used 62099K, capacity 63222K, committed 63616K, reserved 1105920K
  class space    used 7433K, capacity 7754K, committed 7808K, reserved 1048576K

Card table byte_map: [0x0000000011d30000,0x0000000011f30000] byte_map_base: 0x0000000011728000

Marking Bits: (ParMarkBitMap*) 0x000000006133b6d0
 Begin Bits: [0x0000000012330000, 0x00000000132f0000)
 End Bits:   [0x00000000132f0000, 0x00000000142b0000)

Polling page: 0x0000000000e40000

CodeCache: size=245760Kb used=23184Kb max_used=23195Kb free=222575Kb
 bounds [0x0000000002970000, 0x0000000004030000, 0x0000000011970000]
 total_blobs=7553 nmethods=6945 adapters=519
 compilation: enabled

Compilation events (10 events):
Event: 115.189 Thread 0x0000000014e51000 8279       3       org.eclipse.jdt.internal.compiler.lookup.SourceTypeBinding::isGenericType (14 bytes)
Event: 115.190 Thread 0x0000000014e51000 nmethod 8279 0x000000000400c050 code [0x000000000400c1a0, 0x000000000400c350]
Event: 115.190 Thread 0x0000000014e51000 8285       1       org.eclipse.jdt.internal.compiler.ast.AbstractMethodDeclaration::compilationResult (5 bytes)
Event: 115.190 Thread 0x0000000014e51000 nmethod 8285 0x0000000003ff9fd0 code [0x0000000003ffa120, 0x0000000003ffa230]
Event: 115.201 Thread 0x0000000014e4c800 nmethod 8284 0x0000000004021210 code [0x00000000040213c0, 0x00000000040218a8]
Event: 115.201 Thread 0x0000000014e4c800 8266       4       org.eclipse.jdt.internal.compiler.lookup.Scope::compilerOptions (11 bytes)
Event: 115.203 Thread 0x0000000014e4c800 nmethod 8266 0x000000000401e250 code [0x000000000401e3a0, 0x000000000401e458]
Event: 115.203 Thread 0x0000000014e4c800 8280       4       org.eclipse.jdt.internal.compiler.classfmt.MethodInfo::getGenericSignature (46 bytes)
Event: 115.206 Thread 0x0000000014e51000 8286       3       org.eclipse.jdt.internal.compiler.classfmt.ClassFileReader::isAnonymous (30 bytes)
Event: 115.207 Thread 0x0000000014e51000 nmethod 8286 0x0000000004013690 code [0x0000000004013800, 0x0000000004013a88]

GC Heap History (10 events):
Event: 20.627 GC heap before
{Heap before GC invocations=12 (full 1):
 PSYoungGen      total 171008K, used 171004K [0x00000000eb000000, 0x00000000f7d00000, 0x0000000100000000)
  eden space 156160K, 100% used [0x00000000eb000000,0x00000000f4880000,0x00000000f4880000)
  from space 14848K, 99% used [0x00000000f5e80000,0x00000000f6cff228,0x00000000f6d00000)
  to   space 22528K, 0% used [0x00000000f4880000,0x00000000f4880000,0x00000000f5e80000)
 ParOldGen       total 49664K, used 35639K [0x00000000c1000000, 0x00000000c4080000, 0x00000000eb000000)
  object space 49664K, 71% used [0x00000000c1000000,0x00000000c32cded0,0x00000000c4080000)
 Metaspace       used 29646K, capacity 30404K, committed 30720K, reserved 1077248K
  class space    used 3470K, capacity 3716K, committed 3840K, reserved 1048576K
Event: 20.767 GC heap after
Heap after GC invocations=12 (full 1):
 PSYoungGen      total 178688K, used 22516K [0x00000000eb000000, 0x00000000fc000000, 0x0000000100000000)
  eden space 156160K, 0% used [0x00000000eb000000,0x00000000eb000000,0x00000000f4880000)
  from space 22528K, 99% used [0x00000000f4880000,0x00000000f5e7d390,0x00000000f5e80000)
  to   space 36864K, 0% used [0x00000000f9c00000,0x00000000f9c00000,0x00000000fc000000)
 ParOldGen       total 64512K, used 64113K [0x00000000c1000000, 0x00000000c4f00000, 0x00000000eb000000)
  object space 64512K, 99% used [0x00000000c1000000,0x00000000c4e9c450,0x00000000c4f00000)
 Metaspace       used 29646K, capacity 30404K, committed 30720K, reserved 1077248K
  class space    used 3470K, capacity 3716K, committed 3840K, reserved 1048576K
}
Event: 20.767 GC heap before
{Heap before GC invocations=13 (full 2):
 PSYoungGen      total 178688K, used 22516K [0x00000000eb000000, 0x00000000fc000000, 0x0000000100000000)
  eden space 156160K, 0% used [0x00000000eb000000,0x00000000eb000000,0x00000000f4880000)
  from space 22528K, 99% used [0x00000000f4880000,0x00000000f5e7d390,0x00000000f5e80000)
  to   space 36864K, 0% used [0x00000000f9c00000,0x00000000f9c00000,0x00000000fc000000)
 ParOldGen       total 64512K, used 64113K [0x00000000c1000000, 0x00000000c4f00000, 0x00000000eb000000)
  object space 64512K, 99% used [0x00000000c1000000,0x00000000c4e9c450,0x00000000c4f00000)
 Metaspace       used 29646K, capacity 30404K, committed 30720K, reserved 1077248K
  class space    used 3470K, capacity 3716K, committed 3840K, reserved 1048576K
Event: 21.034 GC heap after
Heap after GC invocations=13 (full 2):
 PSYoungGen      total 178688K, used 0K [0x00000000eb000000, 0x00000000fc000000, 0x0000000100000000)
  eden space 156160K, 0% used [0x00000000eb000000,0x00000000eb000000,0x00000000f4880000)
  from space 22528K, 0% used [0x00000000f4880000,0x00000000f4880000,0x00000000f5e80000)
  to   space 36864K, 0% used [0x00000000f9c00000,0x00000000f9c00000,0x00000000fc000000)
 ParOldGen       total 116224K, used 63265K [0x00000000c1000000, 0x00000000c8180000, 0x00000000eb000000)
  object space 116224K, 54% used [0x00000000c1000000,0x00000000c4dc8640,0x00000000c8180000)
 Metaspace       used 29646K, capacity 30404K, committed 30720K, reserved 1077248K
  class space    used 3470K, capacity 3716K, committed 3840K, reserved 1048576K
}
Event: 24.938 GC heap before
{Heap before GC invocations=14 (full 2):
 PSYoungGen      total 178688K, used 156160K [0x00000000eb000000, 0x00000000fc000000, 0x0000000100000000)
  eden space 156160K, 100% used [0x00000000eb000000,0x00000000f4880000,0x00000000f4880000)
  from space 22528K, 0% used [0x00000000f4880000,0x00000000f4880000,0x00000000f5e80000)
  to   space 36864K, 0% used [0x00000000f9c00000,0x00000000f9c00000,0x00000000fc000000)
 ParOldGen       total 116224K, used 63265K [0x00000000c1000000, 0x00000000c8180000, 0x00000000eb000000)
  object space 116224K, 54% used [0x00000000c1000000,0x00000000c4dc8640,0x00000000c8180000)
 Metaspace       used 38791K, capacity 39612K, committed 39936K, reserved 1083392K
  class space    used 4761K, capacity 5003K, committed 5120K, reserved 1048576K
Event: 25.003 GC heap after
Heap after GC invocations=14 (full 2):
 PSYoungGen      total 238592K, used 29005K [0x00000000eb000000, 0x00000000fca80000, 0x0000000100000000)
  eden space 201728K, 0% used [0x00000000eb000000,0x00000000eb000000,0x00000000f7500000)
  from space 36864K, 78% used [0x00000000f9c00000,0x00000000fb8536d8,0x00000000fc000000)
  to   space 39936K, 0% used [0x00000000f7500000,0x00000000f7500000,0x00000000f9c00000)
 ParOldGen       total 116224K, used 63273K [0x00000000c1000000, 0x00000000c8180000, 0x00000000eb000000)
  object space 116224K, 54% used [0x00000000c1000000,0x00000000c4dca640,0x00000000c8180000)
 Metaspace       used 38791K, capacity 39612K, committed 39936K, reserved 1083392K
  class space    used 4761K, capacity 5003K, committed 5120K, reserved 1048576K
}
Event: 33.370 GC heap before
{Heap before GC invocations=15 (full 2):
 PSYoungGen      total 238592K, used 129039K [0x00000000eb000000, 0x00000000fca80000, 0x0000000100000000)
  eden space 201728K, 49% used [0x00000000eb000000,0x00000000f11b0740,0x00000000f7500000)
  from space 36864K, 78% used [0x00000000f9c00000,0x00000000fb8536d8,0x00000000fc000000)
  to   space 39936K, 0% used [0x00000000f7500000,0x00000000f7500000,0x00000000f9c00000)
 ParOldGen       total 116224K, used 63273K [0x00000000c1000000, 0x00000000c8180000, 0x00000000eb000000)
  object space 116224K, 54% used [0x00000000c1000000,0x00000000c4dca640,0x00000000c8180000)
 Metaspace       used 49994K, capacity 50876K, committed 51200K, reserved 1093632K
  class space    used 6223K, capacity 6535K, committed 6656K, reserved 1048576K
Event: 33.406 GC heap after
Heap after GC invocations=15 (full 2):
 PSYoungGen      total 241664K, used 13721K [0x00000000eb000000, 0x00000000ffa80000, 0x0000000100000000)
  eden space 201728K, 0% used [0x00000000eb000000,0x00000000eb000000,0x00000000f7500000)
  from space 39936K, 34% used [0x00000000f7500000,0x00000000f82664c0,0x00000000f9c00000)
  to   space 37888K, 0% used [0x00000000fd580000,0x00000000fd580000,0x00000000ffa80000)
 ParOldGen       total 116224K, used 66759K [0x00000000c1000000, 0x00000000c8180000, 0x00000000eb000000)
  object space 116224K, 57% used [0x00000000c1000000,0x00000000c5131ec8,0x00000000c8180000)
 Metaspace       used 49994K, capacity 50876K, committed 51200K, reserved 1093632K
  class space    used 6223K, capacity 6535K, committed 6656K, reserved 1048576K
}
Event: 33.406 GC heap before
{Heap before GC invocations=16 (full 3):
 PSYoungGen      total 241664K, used 13721K [0x00000000eb000000, 0x00000000ffa80000, 0x0000000100000000)
  eden space 201728K, 0% used [0x00000000eb000000,0x00000000eb000000,0x00000000f7500000)
  from space 39936K, 34% used [0x00000000f7500000,0x00000000f82664c0,0x00000000f9c00000)
  to   space 37888K, 0% used [0x00000000fd580000,0x00000000fd580000,0x00000000ffa80000)
 ParOldGen       total 116224K, used 66759K [0x00000000c1000000, 0x00000000c8180000, 0x00000000eb000000)
  object space 116224K, 57% used [0x00000000c1000000,0x00000000c5131ec8,0x00000000c8180000)
 Metaspace       used 49994K, capacity 50876K, committed 51200K, reserved 1093632K
  class space    used 6223K, capacity 6535K, committed 6656K, reserved 1048576K
Event: 33.687 GC heap after
Heap after GC invocations=16 (full 3):
 PSYoungGen      total 241664K, used 0K [0x00000000eb000000, 0x00000000ffa80000, 0x0000000100000000)
  eden space 201728K, 0% used [0x00000000eb000000,0x00000000eb000000,0x00000000f7500000)
  from space 39936K, 0% used [0x00000000f7500000,0x00000000f7500000,0x00000000f9c00000)
  to   space 37888K, 0% used [0x00000000fd580000,0x00000000fd580000,0x00000000ffa80000)
 ParOldGen       total 99328K, used 38242K [0x00000000c1000000, 0x00000000c7100000, 0x00000000eb000000)
  object space 99328K, 38% used [0x00000000c1000000,0x00000000c35589f8,0x00000000c7100000)
 Metaspace       used 49994K, capacity 50876K, committed 51200K, reserved 1093632K
  class space    used 6223K, capacity 6535K, committed 6656K, reserved 1048576K
}

Deoptimization events (10 events):
Event: 107.469 Thread 0x000000001716b000 Uncommon trap: reason=unstable_if action=reinterpret pc=0x0000000003f8b260 method=java.net.URL.getURLStreamHandler(Ljava/lang/String;)Ljava/net/URLStreamHandler; @ 118
Event: 107.469 Thread 0x000000001716b000 Uncommon trap: reason=unstable_if action=reinterpret pc=0x0000000003bf2d50 method=java.net.URLStreamHandler.parseURL(Ljava/net/URL;Ljava/lang/String;II)V @ 155
Event: 107.481 Thread 0x000000001716b000 Uncommon trap: reason=class_check action=maybe_recompile pc=0x0000000003c774ec method=java.util.jar.JarFile.getJarEntry(Ljava/lang/String;)Ljava/util/jar/JarEntry; @ 2
Event: 107.481 Thread 0x000000001716b000 Uncommon trap: reason=class_check action=maybe_recompile pc=0x0000000002ba9894 method=java.util.jar.JarFile.getJarEntry(Ljava/lang/String;)Ljava/util/jar/JarEntry; @ 2
Event: 107.481 Thread 0x000000001716b000 Uncommon trap: reason=class_check action=maybe_recompile pc=0x0000000002ba9894 method=java.util.jar.JarFile.getJarEntry(Ljava/lang/String;)Ljava/util/jar/JarEntry; @ 2
Event: 107.481 Thread 0x000000001716b000 Uncommon trap: reason=class_check action=maybe_recompile pc=0x0000000002ba9894 method=java.util.jar.JarFile.getJarEntry(Ljava/lang/String;)Ljava/util/jar/JarEntry; @ 2
Event: 108.290 Thread 0x000000001716b000 Uncommon trap: reason=class_check action=maybe_recompile pc=0x00000000032e2908 method=java.util.Properties$LineReader.readLine()I @ 410
Event: 112.373 Thread 0x000000001716b000 Uncommon trap: reason=bimorphic action=maybe_recompile pc=0x00000000030b3818 method=java.io.FilterInputStream.available()I @ 4
Event: 113.466 Thread 0x000000001716b000 Uncommon trap: reason=unstable_if action=reinterpret pc=0x0000000002ed3784 method=java.util.Arrays.equals([B[B)Z @ 41
Event: 113.629 Thread 0x000000001716b000 Uncommon trap: reason=class_check action=maybe_recompile pc=0x0000000003c774ec method=java.util.jar.JarFile.getJarEntry(Ljava/lang/String;)Ljava/util/jar/JarEntry; @ 2

Internal exceptions (10 events):
Event: 71.763 Thread 0x000000001716d800 Exception <a 'java/lang/ClassNotFoundException': org/springframework/web/servlet/tags/form/ErrorsTagCustomizer> (0x00000000ef52b978) thrown at [C:\re\workspace\8-2-build-windows-amd64-cygwin\jdk8u121\8372\hotspot\src\share\vm\classfile\systemDictionary.cp
Event: 72.080 Thread 0x000000001716d800 Exception <a 'java/lang/ClassNotFoundException': edu/uiowa/ars/model/UserBeanInfo> (0x00000000f00c1f10) thrown at [C:\re\workspace\8-2-build-windows-amd64-cygwin\jdk8u121\8372\hotspot\src\share\vm\classfile\systemDictionary.cpp, line 210]
Event: 72.081 Thread 0x000000001716d800 Exception <a 'java/lang/ClassNotFoundException': edu/uiowa/ars/model/UserCustomizer> (0x00000000f00d8940) thrown at [C:\re\workspace\8-2-build-windows-amd64-cygwin\jdk8u121\8372\hotspot\src\share\vm\classfile\systemDictionary.cpp, line 210]
Event: 103.374 Thread 0x000000001716b000 Exception <a 'java/lang/ClassNotFoundException': org/hibernate/validator/internal/constraintvalidators/SizeValidatorForCharSequenceBeanInfo> (0x00000000f0490498) thrown at [C:\re\workspace\8-2-build-windows-amd64-cygwin\jdk8u121\8372\hotspot\src\share\vm\
Event: 103.375 Thread 0x000000001716b000 Exception <a 'java/lang/ClassNotFoundException': org/hibernate/validator/internal/constraintvalidators/SizeValidatorForCharSequenceCustomizer> (0x00000000f04b8188) thrown at [C:\re\workspace\8-2-build-windows-amd64-cygwin\jdk8u121\8372\hotspot\src\share\v
Event: 103.982 Thread 0x000000001716b000 Exception <a 'java/io/FileNotFoundException'> (0x00000000f0e392c0) thrown at [C:\re\workspace\8-2-build-windows-amd64-cygwin\jdk8u121\8372\hotspot\src\share\vm\prims\jni.cpp, line 709]
Event: 103.995 Thread 0x000000001716b000 Exception <a 'java/io/FileNotFoundException'> (0x00000000f0eca7e0) thrown at [C:\re\workspace\8-2-build-windows-amd64-cygwin\jdk8u121\8372\hotspot\src\share\vm\prims\jni.cpp, line 709]
Event: 104.085 Thread 0x000000001716b000 Exception <a 'java/io/FileNotFoundException'> (0x00000000f1133018) thrown at [C:\re\workspace\8-2-build-windows-amd64-cygwin\jdk8u121\8372\hotspot\src\share\vm\prims\jni.cpp, line 709]
Event: 104.085 Thread 0x000000001716b000 Exception <a 'java/io/FileNotFoundException'> (0x00000000f1133e30) thrown at [C:\re\workspace\8-2-build-windows-amd64-cygwin\jdk8u121\8372\hotspot\src\share\vm\prims\jni.cpp, line 709]
Event: 104.231 Thread 0x000000001716b000 Exception <a 'java/net/UnknownHostException': Laptopy.uiowaeast.chi.wayport.net> (0x00000000f125c770) thrown at [C:\re\workspace\8-2-build-windows-amd64-cygwin\jdk8u121\8372\hotspot\src\share\vm\prims\jni.cpp, line 735]

Events (10 events):
Event: 114.373 loading class javax/mail/internet/InternetHeaders$MatchStringEnum
Event: 114.373 loading class javax/mail/internet/InternetHeaders$MatchStringEnum done
Event: 114.374 loading class javax/mail/internet/InternetHeaders$MatchEnum
Event: 114.374 loading class javax/mail/internet/InternetHeaders$MatchEnum done
Event: 114.374 loading class javax/mail/internet/InternetHeaders$MatchEnum
Event: 114.374 loading class javax/mail/internet/InternetHeaders$MatchEnum done
Event: 114.375 loading class javax/mail/internet/InternetHeaders$MatchEnum
Event: 114.375 loading class javax/mail/internet/InternetHeaders$MatchEnum done
Event: 115.150 Thread 0x000000001716b000 DEOPT PACKING pc=0x0000000003e4e797 sp=0x000000001d11c620
Event: 115.150 Thread 0x000000001716b000 DEOPT UNPACKING pc=0x00000000029b787f sp=0x000000001d11c2e8 mode 0


Dynamic libraries:
0x00007ff6bf440000 - 0x00007ff6bf477000 	C:\Program Files\Java\jdk1.8.0_121\bin\java.exe
0x00007ffffaa00000 - 0x00007ffffabd1000 	C:\WINDOWS\SYSTEM32\ntdll.dll
0x00007ffffa640000 - 0x00007ffffa6eb000 	C:\WINDOWS\System32\KERNEL32.DLL
0x00007ffff6fa0000 - 0x00007ffff71bd000 	C:\WINDOWS\System32\KERNELBASE.dll
0x00007ffff7fb0000 - 0x00007ffff8052000 	C:\WINDOWS\System32\ADVAPI32.dll
0x00007ffff9720000 - 0x00007ffff97be000 	C:\WINDOWS\System32\msvcrt.dll
0x00007ffff9570000 - 0x00007ffff95c9000 	C:\WINDOWS\System32\sechost.dll
0x00007ffffa510000 - 0x00007ffffa631000 	C:\WINDOWS\System32\RPCRT4.dll
0x00007ffffa6f0000 - 0x00007ffffa855000 	C:\WINDOWS\System32\USER32.dll
0x00007ffff7260000 - 0x00007ffff727e000 	C:\WINDOWS\System32\win32u.dll
0x00007ffffa4d0000 - 0x00007ffffa504000 	C:\WINDOWS\System32\GDI32.dll
0x00007ffff7e00000 - 0x00007ffff7f82000 	C:\WINDOWS\System32\gdi32full.dll
0x00007fffee9d0000 - 0x00007fffeec4a000 	C:\WINDOWS\WinSxS\amd64_microsoft.windows.common-controls_6595b64144ccf1df_6.0.14393.953_none_42151e83c686086b\COMCTL32.dll
0x00007ffff9a10000 - 0x00007ffff9cd8000 	C:\WINDOWS\System32\combase.dll
0x00007ffff7d00000 - 0x00007ffff7df5000 	C:\WINDOWS\System32\ucrtbase.dll
0x00007ffff7280000 - 0x00007ffff72ea000 	C:\WINDOWS\System32\bcryptPrimitives.dll
0x00007ffff95d0000 - 0x00007ffff95fe000 	C:\WINDOWS\System32\IMM32.DLL
0x00000000613c0000 - 0x0000000061492000 	C:\Program Files\Java\jdk1.8.0_121\jre\bin\msvcr100.dll
0x0000000060b20000 - 0x00000000613bb000 	C:\Program Files\Java\jdk1.8.0_121\jre\bin\server\jvm.dll
0x00007ffffa020000 - 0x00007ffffa028000 	C:\WINDOWS\System32\PSAPI.DLL
0x00007fffee3a0000 - 0x00007fffee3aa000 	C:\WINDOWS\SYSTEM32\VERSION.dll
0x00007ffff4da0000 - 0x00007ffff4dc3000 	C:\WINDOWS\SYSTEM32\WINMM.dll
0x00007ffff40a0000 - 0x00007ffff40a9000 	C:\WINDOWS\SYSTEM32\WSOCK32.dll
0x00007ffff9df0000 - 0x00007ffff9e5a000 	C:\WINDOWS\System32\WS2_32.dll
0x00007ffff4d40000 - 0x00007ffff4d6b000 	C:\WINDOWS\SYSTEM32\WINMMBASE.dll
0x00007ffff7c00000 - 0x00007ffff7c42000 	C:\WINDOWS\System32\cfgmgr32.dll
0x0000000064ad0000 - 0x0000000064adf000 	C:\Program Files\Java\jdk1.8.0_121\jre\bin\verify.dll
0x0000000060af0000 - 0x0000000060b19000 	C:\Program Files\Java\jdk1.8.0_121\jre\bin\java.dll
0x0000000064ab0000 - 0x0000000064ac6000 	C:\Program Files\Java\jdk1.8.0_121\jre\bin\zip.dll
0x00007ffff8060000 - 0x00007ffff9568000 	C:\WINDOWS\System32\SHELL32.dll
0x00007ffff74c0000 - 0x00007ffff7b9a000 	C:\WINDOWS\System32\windows.storage.dll
0x00007ffff6e80000 - 0x00007ffff6ecc000 	C:\WINDOWS\System32\powrprof.dll
0x00007ffff9fc0000 - 0x00007ffffa012000 	C:\WINDOWS\System32\shlwapi.dll
0x00007ffff6ed0000 - 0x00007ffff6edf000 	C:\WINDOWS\System32\kernel.appcore.dll
0x00007ffff6ef0000 - 0x00007ffff6f99000 	C:\WINDOWS\System32\shcore.dll
0x00007ffff6e60000 - 0x00007ffff6e74000 	C:\WINDOWS\System32\profapi.dll
0x0000000060ad0000 - 0x0000000060aea000 	C:\Program Files\Java\jdk1.8.0_121\jre\bin\net.dll
0x00007ffff6730000 - 0x00007ffff678c000 	C:\WINDOWS\system32\mswsock.dll
0x0000000060ab0000 - 0x0000000060ac1000 	C:\Program Files\Java\jdk1.8.0_121\jre\bin\nio.dll
0x0000000060aa0000 - 0x0000000060aad000 	C:\Program Files\Java\jdk1.8.0_121\jre\bin\management.dll
0x00007ffff64f0000 - 0x00007ffff6591000 	C:\WINDOWS\SYSTEM32\DNSAPI.dll
0x00007ffff9900000 - 0x00007ffff9908000 	C:\WINDOWS\System32\NSI.dll
0x00007ffff64b0000 - 0x00007ffff64e8000 	C:\WINDOWS\SYSTEM32\IPHLPAPI.DLL
0x00007fffebaf0000 - 0x00007fffebafa000 	C:\Windows\System32\rasadhlp.dll
0x00007fffeed00000 - 0x00007fffeed6a000 	C:\WINDOWS\System32\fwpuclnt.dll
0x00007ffff6da0000 - 0x00007ffff6dcb000 	C:\WINDOWS\SYSTEM32\bcrypt.dll
0x00007ffff68d0000 - 0x00007ffff68e7000 	C:\WINDOWS\SYSTEM32\CRYPTSP.dll
0x00007ffff6330000 - 0x00007ffff6363000 	C:\WINDOWS\system32\rsaenh.dll
0x00007ffff65b0000 - 0x00007ffff65cf000 	C:\WINDOWS\SYSTEM32\USERENV.dll
0x00007ffff6d90000 - 0x00007ffff6d9b000 	C:\WINDOWS\SYSTEM32\CRYPTBASE.dll
0x00007fffef3b0000 - 0x00007fffef3c6000 	C:\WINDOWS\SYSTEM32\dhcpcsvc6.DLL
0x00007fffef3f0000 - 0x00007fffef40a000 	C:\WINDOWS\SYSTEM32\dhcpcsvc.DLL
0x00007fffeb0f0000 - 0x00007fffeb106000 	C:\WINDOWS\system32\napinsp.dll
0x00007fffeaf50000 - 0x00007fffeaf6a000 	C:\WINDOWS\system32\pnrpnsp.dll
0x00007fffefcd0000 - 0x00007fffefce8000 	C:\WINDOWS\system32\NLAapi.dll
0x00007fffea750000 - 0x00007fffea75e000 	C:\WINDOWS\System32\winrnr.dll
0x0000000060a40000 - 0x0000000060a64000 	C:\Program Files\Java\jdk1.8.0_121\jre\bin\sunec.dll
0x0000000060a30000 - 0x0000000060a3b000 	C:\Program Files\Java\jdk1.8.0_121\jre\bin\sunmscapi.dll
0x00007ffff72f0000 - 0x00007ffff74b9000 	C:\WINDOWS\System32\CRYPT32.dll
0x00007ffff6ee0000 - 0x00007ffff6ef0000 	C:\WINDOWS\System32\MSASN1.dll

VM Arguments:
jvm_args: -Dclassworlds.conf=C:\Program Files\apache-maven-3.3.9/bin/m2.conf -Dmaven.home=C:\Program Files\apache-maven-3.3.9 -Dmaven.multiModuleProjectDirectory=C:\Users\Tom\Documents\NetBeansProjects\ARS\ARS\AirlineReservationSystem 
java_command: org.codehaus.plexus.classworlds.launcher.Launcher clean install jetty:run
java_class_path (initial): C:\Program Files\apache-maven-3.3.9/boot/plexus-classworlds-2.5.2.jar
Launcher Type: SUN_STANDARD

Environment Variables:
JAVA_HOME=C:\Program Files\Java\jdk1.8.0_121
PATH=C:\cygwin\usr\local\bin;C:\cygwin\bin;C:\ProgramData\Oracle\Java\javapath;C:\WINDOWS\system32;C:\WINDOWS;C:\WINDOWS\System32\Wbem;C:\WINDOWS\System32\WindowsPowerShell\v1.0;C:\Program Files\Hewlett-Packard\SimplePass;C:\Program Files (x86)\Windows Live\Shared;C:\Program Files (x86)\Skype\Phone;C:\Program Files\Git\cmd;C:\php;C:\Apache24;C:\Apache24\bin;
USERNAME=Tom
SHELL=/bin/bash
OS=Windows_NT
PROCESSOR_IDENTIFIER=Intel64 Family 6 Model 69 Stepping 1, GenuineIntel



---------------  S Y S T E M  ---------------

OS: Windows 10.0 , 64 bit Build 14393 (10.0.14393.0)

CPU:total 4 (2 cores per cpu, 2 threads per core) family 6 model 69 stepping 1, cmov, cx8, fxsr, mmx, sse, sse2, sse3, ssse3, sse4.1, sse4.2, popcnt, avx, avx2, aes, clmul, erms, lzcnt, ht, tsc, tscinvbit, bmi1, bmi2

Memory: 4k page, physical 4124504k(487456k free), swap 5557080k(108k free)

vm_info: Java HotSpot(TM) 64-Bit Server VM (25.121-b13) for windows-amd64 JRE (1.8.0_121-b13), built on Dec 12 2016 18:21:36 by "java_re" with MS VC++ 10.0 (VS2010)

time: Mon Apr 17 02:24:10 2017
elapsed time: 115 seconds (0d 0h 1m 55s)

